[12:37:24] START | openwok | stages: /build -> /deploy -> /review | max: 10
[12:37:24] RETRO | Running retro for plan: cf-workers-deploy_20260320...
[12:42:30] RETRO | Retro complete — see /Users/rustam/startups/active/openwok/.solo/pipelines/retro-cf-workers-deploy_20260320.log
[12:42:30] DONE | All stages complete (no more plans in queue)
[12:42:30] FINISH | Duration: 5m
[12:42:31] DONE | Pipeline complete! 5 plans cycled.
[12:42:31] ARCHIVE | Archiving: cf-workers-deploy_20260320 → docs/plan-done/
[12:42:31] POST | Running auto-plan from backlog...
[12:52:10] POST | Auto-plan complete — see /Users/rustam/startups/active/openwok/.solo/pipelines/autoplan-20260320-124231.log
[12:52:10] POST | New plan created: pilot-infra_20260320 — restarting build→deploy→review
[12:52:10] START | openwok | stages: /build -> /deploy -> /review | max: 10
[12:52:10] STAGE | iter 1/10 | stage 1/3: build
[12:52:10] PLAN | Active plan track: pilot-infra_20260320
[12:52:10] CWD | /Users/rustam/startups/active/openwok
[12:52:10] GRAPH | Updating code graph for RepoMap...
[12:52:11] INVOKE | /solo:build 
[13:10:44] SIGNAL | <solo:done/> → creating build
[13:10:44] ITER | saved iter-001-build.log | commit: 96dc2e8 | result: stage complete
[13:10:44] CHECK | build | /Users/rustam/startups/active/openwok/.solo/states/build -> FOUND
[13:10:46] STAGE | iter 2/10 | stage 2/3: deploy
[13:10:46] CWD | /Users/rustam/startups/active/openwok
[13:10:46] INVOKE | /solo:deploy 
[13:43:55] ITER | saved iter-002-deploy.log | commit: 1963d56 | result: stage complete
[13:43:55] CHECK | deploy | /Users/rustam/startups/active/openwok/.solo/states/deploy -> FOUND
[13:43:57] STAGE | iter 3/10 | stage 3/3: review
[13:43:57] PLAN | Active plan track: pilot-infra_20260320
[13:43:57] CWD | /Users/rustam/startups/active/openwok
[13:43:57] INVOKE | /solo:review 
[13:48:10] SIGNAL | <solo:done/> → creating review
[13:48:10] ITER | saved iter-003-review.log | commit: d9a2040 | result: stage complete
[13:48:10] CHECK | review | /Users/rustam/startups/active/openwok/.solo/states/review -> FOUND
[13:48:10] RETRO | Running retro for plan: pilot-infra_20260320...
[13:54:16] RETRO | Retro complete — see /Users/rustam/startups/active/openwok/.solo/pipelines/retro-pilot-infra_20260320.log
[13:54:16] DONE | All stages complete (no more plans in queue)
[13:54:16] FINISH | Duration: 62m
[13:54:16] DONE | Pipeline complete! 6 plans cycled.
[13:54:16] ARCHIVE | Archiving: pilot-infra_20260320 → docs/plan-done/
[13:54:16] POST | Running auto-plan from backlog...
[14:01:32] POST | Auto-plan complete — see /Users/rustam/startups/active/openwok/.solo/pipelines/autoplan-20260320-135416.log
[14:01:32] POST | New plan created: repo-abstraction_20260320 — restarting build→deploy→review
[14:01:32] START | openwok | stages: /build -> /deploy -> /review | max: 10
[14:01:32] STAGE | iter 1/10 | stage 1/3: build
[14:01:32] PLAN | Active plan track: repo-abstraction_20260320
[14:01:32] CWD | /Users/rustam/startups/active/openwok
[14:01:32] GRAPH | Updating code graph for RepoMap...
[14:01:33] INVOKE | /solo:build 
[15:33:16] START | openwok | stages: /build -> /deploy -> /review | max: 10
[15:33:16] STAGE | iter 1/10 | stage 1/3: build
[15:33:16] PLAN | Active plan track: repo-abstraction_20260320
[15:33:16] CWD | /Users/rustam/startups/active/openwok
[15:33:16] GRAPH | Updating code graph for RepoMap...
[15:33:17] INVOKE | /solo:build 
[16:00:06] SIGNAL | <solo:done/> → creating build
[16:00:06] ITER | saved iter-001-build.log | commit: 48061bf | result: stage complete
[16:00:06] CHECK | build | /Users/rustam/startups/active/openwok/.solo/states/build -> FOUND
[16:00:08] STAGE | iter 2/10 | stage 2/3: deploy
[16:00:08] CWD | /Users/rustam/startups/active/openwok
[16:00:08] INVOKE | /solo:deploy 
